Logfile initialized
[INFO] logfile = /Users/seonte/BugoGitRepo/build.log
[DEBUG] /Library/Application Support/Titanium/mobilesdk/osx/1.7.5/android/builder.py install BUGO /Users/seonte/Downloads/android-sdk-mac_x86 /Users/seonte/BugoGitRepo edu.bradley.bugo 7
[INFO] Titanium SDK version: 1.7.5 (11/02/11 17:00 ab20af7)
[DEBUG] Waiting for device to be ready ...
[TRACE] adb devices returned 1 devices/emulators
[DEBUG] Device connected... (waited 0 seconds)
[DEBUG] waited 0.013540 seconds on emulator to get ready
[DEBUG] edu.bradley.bugo installed? False
[INFO] Copying project resources..
[INFO] Detected tiapp.xml change (or assets deleted), forcing full re-build...
[TRACE] COPYING CREATED FILE: /Users/seonte/BugoGitRepo/Resources/android/appicon.png => /Users/seonte/BugoGitRepo/build/android/bin/assets/Resources/appicon.png
[TRACE] COPYING CREATED FILE: /Users/seonte/BugoGitRepo/Resources/android/default.png => /Users/seonte/BugoGitRepo/build/android/bin/assets/Resources/default.png
[TRACE] COPYING CREATED FILE: /Users/seonte/BugoGitRepo/Resources/app.js => /Users/seonte/BugoGitRepo/build/android/bin/assets/Resources/app.js
[TRACE] COPYING CREATED FILE: /Users/seonte/BugoGitRepo/Resources/data/categories.js => /Users/seonte/BugoGitRepo/build/android/bin/assets/Resources/data/categories.js
[TRACE] COPYING CREATED FILE: /Users/seonte/BugoGitRepo/Resources/data/database.js => /Users/seonte/BugoGitRepo/build/android/bin/assets/Resources/data/database.js
[TRACE] COPYING CREATED FILE: /Users/seonte/BugoGitRepo/Resources/data/events.js => /Users/seonte/BugoGitRepo/build/android/bin/assets/Resources/data/events.js
[TRACE] COPYING CREATED FILE: /Users/seonte/BugoGitRepo/Resources/images/2_i.png => /Users/seonte/BugoGitRepo/build/android/bin/assets/Resources/images/2_i.png
[TRACE] COPYING CREATED FILE: /Users/seonte/BugoGitRepo/Resources/images/bugo.png => /Users/seonte/BugoGitRepo/build/android/bin/assets/Resources/images/bugo.png
[TRACE] COPYING CREATED FILE: /Users/seonte/BugoGitRepo/Resources/images/bugoicon.png => /Users/seonte/BugoGitRepo/build/android/bin/assets/Resources/images/bugoicon.png
[TRACE] COPYING CREATED FILE: /Users/seonte/BugoGitRepo/Resources/images/bugoLogoPage.png => /Users/seonte/BugoGitRepo/build/android/bin/assets/Resources/images/bugoLogoPage.png
[TRACE] COPYING CREATED FILE: /Users/seonte/BugoGitRepo/Resources/images/categories/academic.png => /Users/seonte/BugoGitRepo/build/android/bin/assets/Resources/images/categories/academic.png
[TRACE] COPYING CREATED FILE: /Users/seonte/BugoGitRepo/Resources/images/categories/arts.png => /Users/seonte/BugoGitRepo/build/android/bin/assets/Resources/images/categories/arts.png
[TRACE] COPYING CREATED FILE: /Users/seonte/BugoGitRepo/Resources/images/categories/communications.png => /Users/seonte/BugoGitRepo/build/android/bin/assets/Resources/images/categories/communications.png
[TRACE] COPYING CREATED FILE: /Users/seonte/BugoGitRepo/Resources/images/categories/cultural.png => /Users/seonte/BugoGitRepo/build/android/bin/assets/Resources/images/categories/cultural.png
[TRACE] COPYING CREATED FILE: /Users/seonte/BugoGitRepo/Resources/images/categories/frat.png => /Users/seonte/BugoGitRepo/build/android/bin/assets/Resources/images/categories/frat.png
[TRACE] COPYING CREATED FILE: /Users/seonte/BugoGitRepo/Resources/images/categories/general.png => /Users/seonte/BugoGitRepo/build/android/bin/assets/Resources/images/categories/general.png
[TRACE] COPYING CREATED FILE: /Users/seonte/BugoGitRepo/Resources/images/categories/government.png => /Users/seonte/BugoGitRepo/build/android/bin/assets/Resources/images/categories/government.png
[TRACE] COPYING CREATED FILE: /Users/seonte/BugoGitRepo/Resources/images/categories/leadership.png => /Users/seonte/BugoGitRepo/build/android/bin/assets/Resources/images/categories/leadership.png
[TRACE] COPYING CREATED FILE: /Users/seonte/BugoGitRepo/Resources/images/categories/religious.png => /Users/seonte/BugoGitRepo/build/android/bin/assets/Resources/images/categories/religious.png
[TRACE] COPYING CREATED FILE: /Users/seonte/BugoGitRepo/Resources/images/categories/service.png => /Users/seonte/BugoGitRepo/build/android/bin/assets/Resources/images/categories/service.png
[TRACE] COPYING CREATED FILE: /Users/seonte/BugoGitRepo/Resources/images/categories/sports.png => /Users/seonte/BugoGitRepo/build/android/bin/assets/Resources/images/categories/sports.png
[TRACE] COPYING CREATED FILE: /Users/seonte/BugoGitRepo/Resources/images/close.png => /Users/seonte/BugoGitRepo/build/android/bin/assets/Resources/images/close.png
[TRACE] COPYING CREATED FILE: /Users/seonte/BugoGitRepo/Resources/images/event_image.png => /Users/seonte/BugoGitRepo/build/android/bin/assets/Resources/images/event_image.png
[TRACE] COPYING CREATED FILE: /Users/seonte/BugoGitRepo/Resources/images/eventLogo.png => /Users/seonte/BugoGitRepo/build/android/bin/assets/Resources/images/eventLogo.png
[TRACE] COPYING CREATED FILE: /Users/seonte/BugoGitRepo/Resources/images/icons/academic.png => /Users/seonte/BugoGitRepo/build/android/bin/assets/Resources/images/icons/academic.png
[TRACE] COPYING CREATED FILE: /Users/seonte/BugoGitRepo/Resources/images/icons/arts.png => /Users/seonte/BugoGitRepo/build/android/bin/assets/Resources/images/icons/arts.png
[TRACE] COPYING CREATED FILE: /Users/seonte/BugoGitRepo/Resources/images/icons/backArrow.png => /Users/seonte/BugoGitRepo/build/android/bin/assets/Resources/images/icons/backArrow.png
[TRACE] COPYING CREATED FILE: /Users/seonte/BugoGitRepo/Resources/images/icons/communication.png => /Users/seonte/BugoGitRepo/build/android/bin/assets/Resources/images/icons/communication.png
[TRACE] COPYING CREATED FILE: /Users/seonte/BugoGitRepo/Resources/images/icons/cultural.png => /Users/seonte/BugoGitRepo/build/android/bin/assets/Resources/images/icons/cultural.png
[TRACE] COPYING CREATED FILE: /Users/seonte/BugoGitRepo/Resources/images/icons/favorites.png => /Users/seonte/BugoGitRepo/build/android/bin/assets/Resources/images/icons/favorites.png
[TRACE] COPYING CREATED FILE: /Users/seonte/BugoGitRepo/Resources/images/icons/frat.png => /Users/seonte/BugoGitRepo/build/android/bin/assets/Resources/images/icons/frat.png
[TRACE] COPYING CREATED FILE: /Users/seonte/BugoGitRepo/Resources/images/icons/general.png => /Users/seonte/BugoGitRepo/build/android/bin/assets/Resources/images/icons/general.png
[TRACE] COPYING CREATED FILE: /Users/seonte/BugoGitRepo/Resources/images/icons/government.png => /Users/seonte/BugoGitRepo/build/android/bin/assets/Resources/images/icons/government.png
[TRACE] COPYING CREATED FILE: /Users/seonte/BugoGitRepo/Resources/images/icons/home_nav.png => /Users/seonte/BugoGitRepo/build/android/bin/assets/Resources/images/icons/home_nav.png
[TRACE] COPYING CREATED FILE: /Users/seonte/BugoGitRepo/Resources/images/icons/leadership.png => /Users/seonte/BugoGitRepo/build/android/bin/assets/Resources/images/icons/leadership.png
[TRACE] COPYING CREATED FILE: /Users/seonte/BugoGitRepo/Resources/images/icons/light_home.png => /Users/seonte/BugoGitRepo/build/android/bin/assets/Resources/images/icons/light_home.png
[TRACE] COPYING CREATED FILE: /Users/seonte/BugoGitRepo/Resources/images/icons/light_list.png => /Users/seonte/BugoGitRepo/build/android/bin/assets/Resources/images/icons/light_list.png
[TRACE] COPYING CREATED FILE: /Users/seonte/BugoGitRepo/Resources/images/icons/light_pin.png => /Users/seonte/BugoGitRepo/build/android/bin/assets/Resources/images/icons/light_pin.png
[TRACE] COPYING CREATED FILE: /Users/seonte/BugoGitRepo/Resources/images/icons/light_star.png => /Users/seonte/BugoGitRepo/build/android/bin/assets/Resources/images/icons/light_star.png
[TRACE] COPYING CREATED FILE: /Users/seonte/BugoGitRepo/Resources/images/icons/light_wrench.png => /Users/seonte/BugoGitRepo/build/android/bin/assets/Resources/images/icons/light_wrench.png
[TRACE] COPYING CREATED FILE: /Users/seonte/BugoGitRepo/Resources/images/icons/list_nav.png => /Users/seonte/BugoGitRepo/build/android/bin/assets/Resources/images/icons/list_nav.png
[TRACE] COPYING CREATED FILE: /Users/seonte/BugoGitRepo/Resources/images/icons/map_nav.png => /Users/seonte/BugoGitRepo/build/android/bin/assets/Resources/images/icons/map_nav.png
[TRACE] COPYING CREATED FILE: /Users/seonte/BugoGitRepo/Resources/images/icons/nav_category.png => /Users/seonte/BugoGitRepo/build/android/bin/assets/Resources/images/icons/nav_category.png
[TRACE] COPYING CREATED FILE: /Users/seonte/BugoGitRepo/Resources/images/icons/nav_home.png => /Users/seonte/BugoGitRepo/build/android/bin/assets/Resources/images/icons/nav_home.png
[TRACE] COPYING CREATED FILE: /Users/seonte/BugoGitRepo/Resources/images/icons/nav_map.png => /Users/seonte/BugoGitRepo/build/android/bin/assets/Resources/images/icons/nav_map.png
[TRACE] COPYING CREATED FILE: /Users/seonte/BugoGitRepo/Resources/images/icons/nav_settings.png => /Users/seonte/BugoGitRepo/build/android/bin/assets/Resources/images/icons/nav_settings.png
[TRACE] COPYING CREATED FILE: /Users/seonte/BugoGitRepo/Resources/images/icons/nav_star.png => /Users/seonte/BugoGitRepo/build/android/bin/assets/Resources/images/icons/nav_star.png
[TRACE] COPYING CREATED FILE: /Users/seonte/BugoGitRepo/Resources/images/icons/redArrow.png => /Users/seonte/BugoGitRepo/build/android/bin/assets/Resources/images/icons/redArrow.png
[TRACE] COPYING CREATED FILE: /Users/seonte/BugoGitRepo/Resources/images/icons/refresh.png => /Users/seonte/BugoGitRepo/build/android/bin/assets/Resources/images/icons/refresh.png
[TRACE] COPYING CREATED FILE: /Users/seonte/BugoGitRepo/Resources/images/icons/religious.png => /Users/seonte/BugoGitRepo/build/android/bin/assets/Resources/images/icons/religious.png
[TRACE] COPYING CREATED FILE: /Users/seonte/BugoGitRepo/Resources/images/icons/service.png => /Users/seonte/BugoGitRepo/build/android/bin/assets/Resources/images/icons/service.png
[TRACE] COPYING CREATED FILE: /Users/seonte/BugoGitRepo/Resources/images/icons/settings_nav.png => /Users/seonte/BugoGitRepo/build/android/bin/assets/Resources/images/icons/settings_nav.png
[TRACE] COPYING CREATED FILE: /Users/seonte/BugoGitRepo/Resources/images/icons/sports.png => /Users/seonte/BugoGitRepo/build/android/bin/assets/Resources/images/icons/sports.png
[TRACE] COPYING CREATED FILE: /Users/seonte/BugoGitRepo/Resources/images/icons/star.png => /Users/seonte/BugoGitRepo/build/android/bin/assets/Resources/images/icons/star.png
[TRACE] COPYING CREATED FILE: /Users/seonte/BugoGitRepo/Resources/images/icons/star_nav.png => /Users/seonte/BugoGitRepo/build/android/bin/assets/Resources/images/icons/star_nav.png
[TRACE] COPYING CREATED FILE: /Users/seonte/BugoGitRepo/Resources/images/icons/yellow_star.png => /Users/seonte/BugoGitRepo/build/android/bin/assets/Resources/images/icons/yellow_star.png
[TRACE] COPYING CREATED FILE: /Users/seonte/BugoGitRepo/Resources/images/mapCatIcons/academic.png => /Users/seonte/BugoGitRepo/build/android/bin/assets/Resources/images/mapCatIcons/academic.png
[TRACE] COPYING CREATED FILE: /Users/seonte/BugoGitRepo/Resources/images/mapCatIcons/academic1.png => /Users/seonte/BugoGitRepo/build/android/bin/assets/Resources/images/mapCatIcons/academic1.png
[TRACE] COPYING CREATED FILE: /Users/seonte/BugoGitRepo/Resources/images/mapCatIcons/arts.png => /Users/seonte/BugoGitRepo/build/android/bin/assets/Resources/images/mapCatIcons/arts.png
[TRACE] COPYING CREATED FILE: /Users/seonte/BugoGitRepo/Resources/images/mapCatIcons/arts1.png => /Users/seonte/BugoGitRepo/build/android/bin/assets/Resources/images/mapCatIcons/arts1.png
[TRACE] COPYING CREATED FILE: /Users/seonte/BugoGitRepo/Resources/images/mapCatIcons/comm.png => /Users/seonte/BugoGitRepo/build/android/bin/assets/Resources/images/mapCatIcons/comm.png
[TRACE] COPYING CREATED FILE: /Users/seonte/BugoGitRepo/Resources/images/mapCatIcons/comm1.png => /Users/seonte/BugoGitRepo/build/android/bin/assets/Resources/images/mapCatIcons/comm1.png
[TRACE] COPYING CREATED FILE: /Users/seonte/BugoGitRepo/Resources/images/mapCatIcons/cultural.png => /Users/seonte/BugoGitRepo/build/android/bin/assets/Resources/images/mapCatIcons/cultural.png
[TRACE] COPYING CREATED FILE: /Users/seonte/BugoGitRepo/Resources/images/mapCatIcons/cultural1.png => /Users/seonte/BugoGitRepo/build/android/bin/assets/Resources/images/mapCatIcons/cultural1.png
[TRACE] COPYING CREATED FILE: /Users/seonte/BugoGitRepo/Resources/images/mapCatIcons/general.png => /Users/seonte/BugoGitRepo/build/android/bin/assets/Resources/images/mapCatIcons/general.png
[TRACE] COPYING CREATED FILE: /Users/seonte/BugoGitRepo/Resources/images/mapCatIcons/general1.png => /Users/seonte/BugoGitRepo/build/android/bin/assets/Resources/images/mapCatIcons/general1.png
[TRACE] COPYING CREATED FILE: /Users/seonte/BugoGitRepo/Resources/images/mapCatIcons/government.png => /Users/seonte/BugoGitRepo/build/android/bin/assets/Resources/images/mapCatIcons/government.png
[TRACE] COPYING CREATED FILE: /Users/seonte/BugoGitRepo/Resources/images/mapCatIcons/government1.png => /Users/seonte/BugoGitRepo/build/android/bin/assets/Resources/images/mapCatIcons/government1.png
[TRACE] COPYING CREATED FILE: /Users/seonte/BugoGitRepo/Resources/images/mapCatIcons/greek.png => /Users/seonte/BugoGitRepo/build/android/bin/assets/Resources/images/mapCatIcons/greek.png
[TRACE] COPYING CREATED FILE: /Users/seonte/BugoGitRepo/Resources/images/mapCatIcons/greek1.png => /Users/seonte/BugoGitRepo/build/android/bin/assets/Resources/images/mapCatIcons/greek1.png
[TRACE] COPYING CREATED FILE: /Users/seonte/BugoGitRepo/Resources/images/mapCatIcons/leadership.png => /Users/seonte/BugoGitRepo/build/android/bin/assets/Resources/images/mapCatIcons/leadership.png
[TRACE] COPYING CREATED FILE: /Users/seonte/BugoGitRepo/Resources/images/mapCatIcons/leadership1.png => /Users/seonte/BugoGitRepo/build/android/bin/assets/Resources/images/mapCatIcons/leadership1.png
[TRACE] COPYING CREATED FILE: /Users/seonte/BugoGitRepo/Resources/images/mapCatIcons/religious.png => /Users/seonte/BugoGitRepo/build/android/bin/assets/Resources/images/mapCatIcons/religious.png
[TRACE] COPYING CREATED FILE: /Users/seonte/BugoGitRepo/Resources/images/mapCatIcons/religious1.png => /Users/seonte/BugoGitRepo/build/android/bin/assets/Resources/images/mapCatIcons/religious1.png
[TRACE] COPYING CREATED FILE: /Users/seonte/BugoGitRepo/Resources/images/mapCatIcons/service.png => /Users/seonte/BugoGitRepo/build/android/bin/assets/Resources/images/mapCatIcons/service.png
[TRACE] COPYING CREATED FILE: /Users/seonte/BugoGitRepo/Resources/images/mapCatIcons/service1.png => /Users/seonte/BugoGitRepo/build/android/bin/assets/Resources/images/mapCatIcons/service1.png
[TRACE] COPYING CREATED FILE: /Users/seonte/BugoGitRepo/Resources/images/mapCatIcons/sports.png => /Users/seonte/BugoGitRepo/build/android/bin/assets/Resources/images/mapCatIcons/sports.png
[TRACE] COPYING CREATED FILE: /Users/seonte/BugoGitRepo/Resources/images/mapCatIcons/sports1.png => /Users/seonte/BugoGitRepo/build/android/bin/assets/Resources/images/mapCatIcons/sports1.png
[TRACE] COPYING CREATED FILE: /Users/seonte/BugoGitRepo/Resources/images/mapIcons/ipad/academic_01.png => /Users/seonte/BugoGitRepo/build/android/bin/assets/Resources/images/mapIcons/ipad/academic_01.png
[TRACE] COPYING CREATED FILE: /Users/seonte/BugoGitRepo/Resources/images/mapIcons/ipad/academic_02.png => /Users/seonte/BugoGitRepo/build/android/bin/assets/Resources/images/mapIcons/ipad/academic_02.png
[TRACE] COPYING CREATED FILE: /Users/seonte/BugoGitRepo/Resources/images/mapIcons/ipad/academic_03.png => /Users/seonte/BugoGitRepo/build/android/bin/assets/Resources/images/mapIcons/ipad/academic_03.png
[TRACE] COPYING CREATED FILE: /Users/seonte/BugoGitRepo/Resources/images/mapIcons/ipad/academic_04.png => /Users/seonte/BugoGitRepo/build/android/bin/assets/Resources/images/mapIcons/ipad/academic_04.png
[TRACE] COPYING CREATED FILE: /Users/seonte/BugoGitRepo/Resources/images/mapIcons/ipad/academic_05.png => /Users/seonte/BugoGitRepo/build/android/bin/assets/Resources/images/mapIcons/ipad/academic_05.png
[TRACE] COPYING CREATED FILE: /Users/seonte/BugoGitRepo/Resources/images/mapIcons/ipad/arts_01.png => /Users/seonte/BugoGitRepo/build/android/bin/assets/Resources/images/mapIcons/ipad/arts_01.png
[TRACE] COPYING CREATED FILE: /Users/seonte/BugoGitRepo/Resources/images/mapIcons/ipad/arts_02.png => /Users/seonte/BugoGitRepo/build/android/bin/assets/Resources/images/mapIcons/ipad/arts_02.png
[TRACE] COPYING CREATED FILE: /Users/seonte/BugoGitRepo/Resources/images/mapIcons/ipad/arts_03.png => /Users/seonte/BugoGitRepo/build/android/bin/assets/Resources/images/mapIcons/ipad/arts_03.png
[TRACE] COPYING CREATED FILE: /Users/seonte/BugoGitRepo/Resources/images/mapIcons/ipad/arts_04.png => /Users/seonte/BugoGitRepo/build/android/bin/assets/Resources/images/mapIcons/ipad/arts_04.png
[TRACE] COPYING CREATED FILE: /Users/seonte/BugoGitRepo/Resources/images/mapIcons/ipad/arts_05.png => /Users/seonte/BugoGitRepo/build/android/bin/assets/Resources/images/mapIcons/ipad/arts_05.png
[TRACE] COPYING CREATED FILE: /Users/seonte/BugoGitRepo/Resources/images/mapIcons/ipad/com_01.png => /Users/seonte/BugoGitRepo/build/android/bin/assets/Resources/images/mapIcons/ipad/com_01.png
[TRACE] COPYING CREATED FILE: /Users/seonte/BugoGitRepo/Resources/images/mapIcons/ipad/com_02.png => /Users/seonte/BugoGitRepo/build/android/bin/assets/Resources/images/mapIcons/ipad/com_02.png
[TRACE] COPYING CREATED FILE: /Users/seonte/BugoGitRepo/Resources/images/mapIcons/ipad/com_03.png => /Users/seonte/BugoGitRepo/build/android/bin/assets/Resources/images/mapIcons/ipad/com_03.png
[TRACE] COPYING CREATED FILE: /Users/seonte/BugoGitRepo/Resources/images/mapIcons/ipad/com_04.png => /Users/seonte/BugoGitRepo/build/android/bin/assets/Resources/images/mapIcons/ipad/com_04.png
[TRACE] COPYING CREATED FILE: /Users/seonte/BugoGitRepo/Resources/images/mapIcons/ipad/com_05.png => /Users/seonte/BugoGitRepo/build/android/bin/assets/Resources/images/mapIcons/ipad/com_05.png
[TRACE] COPYING CREATED FILE: /Users/seonte/BugoGitRepo/Resources/images/mapIcons/ipad/cultural_01.png => /Users/seonte/BugoGitRepo/build/android/bin/assets/Resources/images/mapIcons/ipad/cultural_01.png
[TRACE] COPYING CREATED FILE: /Users/seonte/BugoGitRepo/Resources/images/mapIcons/ipad/cultural_02.png => /Users/seonte/BugoGitRepo/build/android/bin/assets/Resources/images/mapIcons/ipad/cultural_02.png
[TRACE] COPYING CREATED FILE: /Users/seonte/BugoGitRepo/Resources/images/mapIcons/ipad/cultural_03.png => /Users/seonte/BugoGitRepo/build/android/bin/assets/Resources/images/mapIcons/ipad/cultural_03.png
[TRACE] COPYING CREATED FILE: /Users/seonte/BugoGitRepo/Resources/images/mapIcons/ipad/cultural_04.png => /Users/seonte/BugoGitRepo/build/android/bin/assets/Resources/images/mapIcons/ipad/cultural_04.png
[TRACE] COPYING CREATED FILE: /Users/seonte/BugoGitRepo/Resources/images/mapIcons/ipad/cultural_05.png => /Users/seonte/BugoGitRepo/build/android/bin/assets/Resources/images/mapIcons/ipad/cultural_05.png
[TRACE] COPYING CREATED FILE: /Users/seonte/BugoGitRepo/Resources/images/mapIcons/ipad/general_01.png => /Users/seonte/BugoGitRepo/build/android/bin/assets/Resources/images/mapIcons/ipad/general_01.png
[TRACE] COPYING CREATED FILE: /Users/seonte/BugoGitRepo/Resources/images/mapIcons/ipad/general_02.png => /Users/seonte/BugoGitRepo/build/android/bin/assets/Resources/images/mapIcons/ipad/general_02.png
[TRACE] COPYING CREATED FILE: /Users/seonte/BugoGitRepo/Resources/images/mapIcons/ipad/general_03.png => /Users/seonte/BugoGitRepo/build/android/bin/assets/Resources/images/mapIcons/ipad/general_03.png
[TRACE] COPYING CREATED FILE: /Users/seonte/BugoGitRepo/Resources/images/mapIcons/ipad/general_04.png => /Users/seonte/BugoGitRepo/build/android/bin/assets/Resources/images/mapIcons/ipad/general_04.png
[TRACE] COPYING CREATED FILE: /Users/seonte/BugoGitRepo/Resources/images/mapIcons/ipad/general_05.png => /Users/seonte/BugoGitRepo/build/android/bin/assets/Resources/images/mapIcons/ipad/general_05.png
[TRACE] COPYING CREATED FILE: /Users/seonte/BugoGitRepo/Resources/images/mapIcons/ipad/gov_04.png => /Users/seonte/BugoGitRepo/build/android/bin/assets/Resources/images/mapIcons/ipad/gov_04.png
[TRACE] COPYING CREATED FILE: /Users/seonte/BugoGitRepo/Resources/images/mapIcons/ipad/gov_05.png => /Users/seonte/BugoGitRepo/build/android/bin/assets/Resources/images/mapIcons/ipad/gov_05.png
[TRACE] COPYING CREATED FILE: /Users/seonte/BugoGitRepo/Resources/images/mapIcons/ipad/gov_1.png => /Users/seonte/BugoGitRepo/build/android/bin/assets/Resources/images/mapIcons/ipad/gov_1.png
[TRACE] COPYING CREATED FILE: /Users/seonte/BugoGitRepo/Resources/images/mapIcons/ipad/gov_2.png => /Users/seonte/BugoGitRepo/build/android/bin/assets/Resources/images/mapIcons/ipad/gov_2.png
[TRACE] COPYING CREATED FILE: /Users/seonte/BugoGitRepo/Resources/images/mapIcons/ipad/gov_3.png => /Users/seonte/BugoGitRepo/build/android/bin/assets/Resources/images/mapIcons/ipad/gov_3.png
[TRACE] COPYING CREATED FILE: /Users/seonte/BugoGitRepo/Resources/images/mapIcons/ipad/greek_01.png => /Users/seonte/BugoGitRepo/build/android/bin/assets/Resources/images/mapIcons/ipad/greek_01.png
[TRACE] COPYING CREATED FILE: /Users/seonte/BugoGitRepo/Resources/images/mapIcons/ipad/greek_02.png => /Users/seonte/BugoGitRepo/build/android/bin/assets/Resources/images/mapIcons/ipad/greek_02.png
[TRACE] COPYING CREATED FILE: /Users/seonte/BugoGitRepo/Resources/images/mapIcons/ipad/greek_03.png => /Users/seonte/BugoGitRepo/build/android/bin/assets/Resources/images/mapIcons/ipad/greek_03.png
[TRACE] COPYING CREATED FILE: /Users/seonte/BugoGitRepo/Resources/images/mapIcons/ipad/greek_04.png => /Users/seonte/BugoGitRepo/build/android/bin/assets/Resources/images/mapIcons/ipad/greek_04.png
[TRACE] COPYING CREATED FILE: /Users/seonte/BugoGitRepo/Resources/images/mapIcons/ipad/greek_05.png => /Users/seonte/BugoGitRepo/build/android/bin/assets/Resources/images/mapIcons/ipad/greek_05.png
[TRACE] COPYING CREATED FILE: /Users/seonte/BugoGitRepo/Resources/images/mapIcons/ipad/lead_01.png => /Users/seonte/BugoGitRepo/build/android/bin/assets/Resources/images/mapIcons/ipad/lead_01.png
[TRACE] COPYING CREATED FILE: /Users/seonte/BugoGitRepo/Resources/images/mapIcons/ipad/lead_02.png => /Users/seonte/BugoGitRepo/build/android/bin/assets/Resources/images/mapIcons/ipad/lead_02.png
[TRACE] COPYING CREATED FILE: /Users/seonte/BugoGitRepo/Resources/images/mapIcons/ipad/lead_03.png => /Users/seonte/BugoGitRepo/build/android/bin/assets/Resources/images/mapIcons/ipad/lead_03.png
[TRACE] COPYING CREATED FILE: /Users/seonte/BugoGitRepo/Resources/images/mapIcons/ipad/lead_04.png => /Users/seonte/BugoGitRepo/build/android/bin/assets/Resources/images/mapIcons/ipad/lead_04.png
[TRACE] COPYING CREATED FILE: /Users/seonte/BugoGitRepo/Resources/images/mapIcons/ipad/lead_05.png => /Users/seonte/BugoGitRepo/build/android/bin/assets/Resources/images/mapIcons/ipad/lead_05.png
[TRACE] COPYING CREATED FILE: /Users/seonte/BugoGitRepo/Resources/images/mapIcons/ipad/religious_01.png => /Users/seonte/BugoGitRepo/build/android/bin/assets/Resources/images/mapIcons/ipad/religious_01.png
[TRACE] COPYING CREATED FILE: /Users/seonte/BugoGitRepo/Resources/images/mapIcons/ipad/religious_02.png => /Users/seonte/BugoGitRepo/build/android/bin/assets/Resources/images/mapIcons/ipad/religious_02.png
[TRACE] COPYING CREATED FILE: /Users/seonte/BugoGitRepo/Resources/images/mapIcons/ipad/religious_03.png => /Users/seonte/BugoGitRepo/build/android/bin/assets/Resources/images/mapIcons/ipad/religious_03.png
[TRACE] COPYING CREATED FILE: /Users/seonte/BugoGitRepo/Resources/images/mapIcons/ipad/religious_04.png => /Users/seonte/BugoGitRepo/build/android/bin/assets/Resources/images/mapIcons/ipad/religious_04.png
[TRACE] COPYING CREATED FILE: /Users/seonte/BugoGitRepo/Resources/images/mapIcons/ipad/religious_05.png => /Users/seonte/BugoGitRepo/build/android/bin/assets/Resources/images/mapIcons/ipad/religious_05.png
[TRACE] COPYING CREATED FILE: /Users/seonte/BugoGitRepo/Resources/images/mapIcons/ipad/service_01.png => /Users/seonte/BugoGitRepo/build/android/bin/assets/Resources/images/mapIcons/ipad/service_01.png
[TRACE] COPYING CREATED FILE: /Users/seonte/BugoGitRepo/Resources/images/mapIcons/ipad/service_02.png => /Users/seonte/BugoGitRepo/build/android/bin/assets/Resources/images/mapIcons/ipad/service_02.png
[TRACE] COPYING CREATED FILE: /Users/seonte/BugoGitRepo/Resources/images/mapIcons/ipad/service_03.png => /Users/seonte/BugoGitRepo/build/android/bin/assets/Resources/images/mapIcons/ipad/service_03.png
[TRACE] COPYING CREATED FILE: /Users/seonte/BugoGitRepo/Resources/images/mapIcons/ipad/service_04.png => /Users/seonte/BugoGitRepo/build/android/bin/assets/Resources/images/mapIcons/ipad/service_04.png
[TRACE] COPYING CREATED FILE: /Users/seonte/BugoGitRepo/Resources/images/mapIcons/ipad/service_05.png => /Users/seonte/BugoGitRepo/build/android/bin/assets/Resources/images/mapIcons/ipad/service_05.png
[TRACE] COPYING CREATED FILE: /Users/seonte/BugoGitRepo/Resources/images/mapIcons/ipad/sports_01.png => /Users/seonte/BugoGitRepo/build/android/bin/assets/Resources/images/mapIcons/ipad/sports_01.png
[TRACE] COPYING CREATED FILE: /Users/seonte/BugoGitRepo/Resources/images/mapIcons/ipad/sports_02.png => /Users/seonte/BugoGitRepo/build/android/bin/assets/Resources/images/mapIcons/ipad/sports_02.png
[TRACE] COPYING CREATED FILE: /Users/seonte/BugoGitRepo/Resources/images/mapIcons/ipad/sports_03.png => /Users/seonte/BugoGitRepo/build/android/bin/assets/Resources/images/mapIcons/ipad/sports_03.png
[TRACE] COPYING CREATED FILE: /Users/seonte/BugoGitRepo/Resources/images/mapIcons/ipad/sports_04.png => /Users/seonte/BugoGitRepo/build/android/bin/assets/Resources/images/mapIcons/ipad/sports_04.png
[TRACE] COPYING CREATED FILE: /Users/seonte/BugoGitRepo/Resources/images/mapIcons/ipad/sports_05.png => /Users/seonte/BugoGitRepo/build/android/bin/assets/Resources/images/mapIcons/ipad/sports_05.png
[TRACE] COPYING CREATED FILE: /Users/seonte/BugoGitRepo/Resources/images/mapIcons/iphone/academic_01.png => /Users/seonte/BugoGitRepo/build/android/bin/assets/Resources/images/mapIcons/iphone/academic_01.png
[TRACE] COPYING CREATED FILE: /Users/seonte/BugoGitRepo/Resources/images/mapIcons/iphone/academic_02.png => /Users/seonte/BugoGitRepo/build/android/bin/assets/Resources/images/mapIcons/iphone/academic_02.png
[TRACE] COPYING CREATED FILE: /Users/seonte/BugoGitRepo/Resources/images/mapIcons/iphone/academic_03.png => /Users/seonte/BugoGitRepo/build/android/bin/assets/Resources/images/mapIcons/iphone/academic_03.png
[TRACE] COPYING CREATED FILE: /Users/seonte/BugoGitRepo/Resources/images/mapIcons/iphone/academic_04.png => /Users/seonte/BugoGitRepo/build/android/bin/assets/Resources/images/mapIcons/iphone/academic_04.png
[TRACE] COPYING CREATED FILE: /Users/seonte/BugoGitRepo/Resources/images/mapIcons/iphone/academic_05.png => /Users/seonte/BugoGitRepo/build/android/bin/assets/Resources/images/mapIcons/iphone/academic_05.png
[TRACE] COPYING CREATED FILE: /Users/seonte/BugoGitRepo/Resources/images/mapIcons/iphone/arts_01.png => /Users/seonte/BugoGitRepo/build/android/bin/assets/Resources/images/mapIcons/iphone/arts_01.png
[TRACE] COPYING CREATED FILE: /Users/seonte/BugoGitRepo/Resources/images/mapIcons/iphone/arts_02.png => /Users/seonte/BugoGitRepo/build/android/bin/assets/Resources/images/mapIcons/iphone/arts_02.png
[TRACE] COPYING CREATED FILE: /Users/seonte/BugoGitRepo/Resources/images/mapIcons/iphone/arts_03.png => /Users/seonte/BugoGitRepo/build/android/bin/assets/Resources/images/mapIcons/iphone/arts_03.png
[TRACE] COPYING CREATED FILE: /Users/seonte/BugoGitRepo/Resources/images/mapIcons/iphone/arts_04.png => /Users/seonte/BugoGitRepo/build/android/bin/assets/Resources/images/mapIcons/iphone/arts_04.png
[TRACE] COPYING CREATED FILE: /Users/seonte/BugoGitRepo/Resources/images/mapIcons/iphone/arts_05.png => /Users/seonte/BugoGitRepo/build/android/bin/assets/Resources/images/mapIcons/iphone/arts_05.png
[TRACE] COPYING CREATED FILE: /Users/seonte/BugoGitRepo/Resources/images/mapIcons/iphone/com_01.png => /Users/seonte/BugoGitRepo/build/android/bin/assets/Resources/images/mapIcons/iphone/com_01.png
[TRACE] COPYING CREATED FILE: /Users/seonte/BugoGitRepo/Resources/images/mapIcons/iphone/com_02.png => /Users/seonte/BugoGitRepo/build/android/bin/assets/Resources/images/mapIcons/iphone/com_02.png
[TRACE] COPYING CREATED FILE: /Users/seonte/BugoGitRepo/Resources/images/mapIcons/iphone/com_03.png => /Users/seonte/BugoGitRepo/build/android/bin/assets/Resources/images/mapIcons/iphone/com_03.png
[TRACE] COPYING CREATED FILE: /Users/seonte/BugoGitRepo/Resources/images/mapIcons/iphone/com_04.png => /Users/seonte/BugoGitRepo/build/android/bin/assets/Resources/images/mapIcons/iphone/com_04.png
[TRACE] COPYING CREATED FILE: /Users/seonte/BugoGitRepo/Resources/images/mapIcons/iphone/com_05.png => /Users/seonte/BugoGitRepo/build/android/bin/assets/Resources/images/mapIcons/iphone/com_05.png
[TRACE] COPYING CREATED FILE: /Users/seonte/BugoGitRepo/Resources/images/mapIcons/iphone/cultural_01.png => /Users/seonte/BugoGitRepo/build/android/bin/assets/Resources/images/mapIcons/iphone/cultural_01.png
[TRACE] COPYING CREATED FILE: /Users/seonte/BugoGitRepo/Resources/images/mapIcons/iphone/cultural_02.png => /Users/seonte/BugoGitRepo/build/android/bin/assets/Resources/images/mapIcons/iphone/cultural_02.png
[TRACE] COPYING CREATED FILE: /Users/seonte/BugoGitRepo/Resources/images/mapIcons/iphone/cultural_03.png => /Users/seonte/BugoGitRepo/build/android/bin/assets/Resources/images/mapIcons/iphone/cultural_03.png
[TRACE] COPYING CREATED FILE: /Users/seonte/BugoGitRepo/Resources/images/mapIcons/iphone/cultural_04.png => /Users/seonte/BugoGitRepo/build/android/bin/assets/Resources/images/mapIcons/iphone/cultural_04.png
[TRACE] COPYING CREATED FILE: /Users/seonte/BugoGitRepo/Resources/images/mapIcons/iphone/cultural_05.png => /Users/seonte/BugoGitRepo/build/android/bin/assets/Resources/images/mapIcons/iphone/cultural_05.png
[TRACE] COPYING CREATED FILE: /Users/seonte/BugoGitRepo/Resources/images/mapIcons/iphone/general_01.png => /Users/seonte/BugoGitRepo/build/android/bin/assets/Resources/images/mapIcons/iphone/general_01.png
[TRACE] COPYING CREATED FILE: /Users/seonte/BugoGitRepo/Resources/images/mapIcons/iphone/general_02.png => /Users/seonte/BugoGitRepo/build/android/bin/assets/Resources/images/mapIcons/iphone/general_02.png
[TRACE] COPYING CREATED FILE: /Users/seonte/BugoGitRepo/Resources/images/mapIcons/iphone/general_03.png => /Users/seonte/BugoGitRepo/build/android/bin/assets/Resources/images/mapIcons/iphone/general_03.png
[TRACE] COPYING CREATED FILE: /Users/seonte/BugoGitRepo/Resources/images/mapIcons/iphone/general_04.png => /Users/seonte/BugoGitRepo/build/android/bin/assets/Resources/images/mapIcons/iphone/general_04.png
[TRACE] COPYING CREATED FILE: /Users/seonte/BugoGitRepo/Resources/images/mapIcons/iphone/general_05.png => /Users/seonte/BugoGitRepo/build/android/bin/assets/Resources/images/mapIcons/iphone/general_05.png
[TRACE] COPYING CREATED FILE: /Users/seonte/BugoGitRepo/Resources/images/mapIcons/iphone/gov_04.png => /Users/seonte/BugoGitRepo/build/android/bin/assets/Resources/images/mapIcons/iphone/gov_04.png
[TRACE] COPYING CREATED FILE: /Users/seonte/BugoGitRepo/Resources/images/mapIcons/iphone/gov_05.png => /Users/seonte/BugoGitRepo/build/android/bin/assets/Resources/images/mapIcons/iphone/gov_05.png
[TRACE] COPYING CREATED FILE: /Users/seonte/BugoGitRepo/Resources/images/mapIcons/iphone/gov_1.png => /Users/seonte/BugoGitRepo/build/android/bin/assets/Resources/images/mapIcons/iphone/gov_1.png
[TRACE] COPYING CREATED FILE: /Users/seonte/BugoGitRepo/Resources/images/mapIcons/iphone/gov_2.png => /Users/seonte/BugoGitRepo/build/android/bin/assets/Resources/images/mapIcons/iphone/gov_2.png
[TRACE] COPYING CREATED FILE: /Users/seonte/BugoGitRepo/Resources/images/mapIcons/iphone/gov_3.png => /Users/seonte/BugoGitRepo/build/android/bin/assets/Resources/images/mapIcons/iphone/gov_3.png
[TRACE] COPYING CREATED FILE: /Users/seonte/BugoGitRepo/Resources/images/mapIcons/iphone/greek_01.png => /Users/seonte/BugoGitRepo/build/android/bin/assets/Resources/images/mapIcons/iphone/greek_01.png
[TRACE] COPYING CREATED FILE: /Users/seonte/BugoGitRepo/Resources/images/mapIcons/iphone/greek_02.png => /Users/seonte/BugoGitRepo/build/android/bin/assets/Resources/images/mapIcons/iphone/greek_02.png
[TRACE] COPYING CREATED FILE: /Users/seonte/BugoGitRepo/Resources/images/mapIcons/iphone/greek_03.png => /Users/seonte/BugoGitRepo/build/android/bin/assets/Resources/images/mapIcons/iphone/greek_03.png
[TRACE] COPYING CREATED FILE: /Users/seonte/BugoGitRepo/Resources/images/mapIcons/iphone/greek_04.png => /Users/seonte/BugoGitRepo/build/android/bin/assets/Resources/images/mapIcons/iphone/greek_04.png
[TRACE] COPYING CREATED FILE: /Users/seonte/BugoGitRepo/Resources/images/mapIcons/iphone/greek_05.png => /Users/seonte/BugoGitRepo/build/android/bin/assets/Resources/images/mapIcons/iphone/greek_05.png
[TRACE] COPYING CREATED FILE: /Users/seonte/BugoGitRepo/Resources/images/mapIcons/iphone/lead_01.png => /Users/seonte/BugoGitRepo/build/android/bin/assets/Resources/images/mapIcons/iphone/lead_01.png
[TRACE] COPYING CREATED FILE: /Users/seonte/BugoGitRepo/Resources/images/mapIcons/iphone/lead_02.png => /Users/seonte/BugoGitRepo/build/android/bin/assets/Resources/images/mapIcons/iphone/lead_02.png
[TRACE] COPYING CREATED FILE: /Users/seonte/BugoGitRepo/Resources/images/mapIcons/iphone/lead_03.png => /Users/seonte/BugoGitRepo/build/android/bin/assets/Resources/images/mapIcons/iphone/lead_03.png
[TRACE] COPYING CREATED FILE: /Users/seonte/BugoGitRepo/Resources/images/mapIcons/iphone/lead_04.png => /Users/seonte/BugoGitRepo/build/android/bin/assets/Resources/images/mapIcons/iphone/lead_04.png
[TRACE] COPYING CREATED FILE: /Users/seonte/BugoGitRepo/Resources/images/mapIcons/iphone/lead_05.png => /Users/seonte/BugoGitRepo/build/android/bin/assets/Resources/images/mapIcons/iphone/lead_05.png
[TRACE] COPYING CREATED FILE: /Users/seonte/BugoGitRepo/Resources/images/mapIcons/iphone/religious_01.png => /Users/seonte/BugoGitRepo/build/android/bin/assets/Resources/images/mapIcons/iphone/religious_01.png
[TRACE] COPYING CREATED FILE: /Users/seonte/BugoGitRepo/Resources/images/mapIcons/iphone/religious_02.png => /Users/seonte/BugoGitRepo/build/android/bin/assets/Resources/images/mapIcons/iphone/religious_02.png
[TRACE] COPYING CREATED FILE: /Users/seonte/BugoGitRepo/Resources/images/mapIcons/iphone/religious_03.png => /Users/seonte/BugoGitRepo/build/android/bin/assets/Resources/images/mapIcons/iphone/religious_03.png
[TRACE] COPYING CREATED FILE: /Users/seonte/BugoGitRepo/Resources/images/mapIcons/iphone/religious_04.png => /Users/seonte/BugoGitRepo/build/android/bin/assets/Resources/images/mapIcons/iphone/religious_04.png
[TRACE] COPYING CREATED FILE: /Users/seonte/BugoGitRepo/Resources/images/mapIcons/iphone/religious_05.png => /Users/seonte/BugoGitRepo/build/android/bin/assets/Resources/images/mapIcons/iphone/religious_05.png
[TRACE] COPYING CREATED FILE: /Users/seonte/BugoGitRepo/Resources/images/mapIcons/iphone/service_01.png => /Users/seonte/BugoGitRepo/build/android/bin/assets/Resources/images/mapIcons/iphone/service_01.png
[TRACE] COPYING CREATED FILE: /Users/seonte/BugoGitRepo/Resources/images/mapIcons/iphone/service_02.png => /Users/seonte/BugoGitRepo/build/android/bin/assets/Resources/images/mapIcons/iphone/service_02.png
[TRACE] COPYING CREATED FILE: /Users/seonte/BugoGitRepo/Resources/images/mapIcons/iphone/service_03.png => /Users/seonte/BugoGitRepo/build/android/bin/assets/Resources/images/mapIcons/iphone/service_03.png
[TRACE] COPYING CREATED FILE: /Users/seonte/BugoGitRepo/Resources/images/mapIcons/iphone/service_04.png => /Users/seonte/BugoGitRepo/build/android/bin/assets/Resources/images/mapIcons/iphone/service_04.png
[TRACE] COPYING CREATED FILE: /Users/seonte/BugoGitRepo/Resources/images/mapIcons/iphone/service_05.png => /Users/seonte/BugoGitRepo/build/android/bin/assets/Resources/images/mapIcons/iphone/service_05.png
[TRACE] COPYING CREATED FILE: /Users/seonte/BugoGitRepo/Resources/images/mapIcons/iphone/sports_01.png => /Users/seonte/BugoGitRepo/build/android/bin/assets/Resources/images/mapIcons/iphone/sports_01.png
[TRACE] COPYING CREATED FILE: /Users/seonte/BugoGitRepo/Resources/images/mapIcons/iphone/sports_02.png => /Users/seonte/BugoGitRepo/build/android/bin/assets/Resources/images/mapIcons/iphone/sports_02.png
[TRACE] COPYING CREATED FILE: /Users/seonte/BugoGitRepo/Resources/images/mapIcons/iphone/sports_03.png => /Users/seonte/BugoGitRepo/build/android/bin/assets/Resources/images/mapIcons/iphone/sports_03.png
[TRACE] COPYING CREATED FILE: /Users/seonte/BugoGitRepo/Resources/images/mapIcons/iphone/sports_04.png => /Users/seonte/BugoGitRepo/build/android/bin/assets/Resources/images/mapIcons/iphone/sports_04.png
[TRACE] COPYING CREATED FILE: /Users/seonte/BugoGitRepo/Resources/images/mapIcons/iphone/sports_05.png => /Users/seonte/BugoGitRepo/build/android/bin/assets/Resources/images/mapIcons/iphone/sports_05.png
[TRACE] COPYING CREATED FILE: /Users/seonte/BugoGitRepo/Resources/images/small2/academic.png => /Users/seonte/BugoGitRepo/build/android/bin/assets/Resources/images/small2/academic.png
[TRACE] COPYING CREATED FILE: /Users/seonte/BugoGitRepo/Resources/images/small2/academic1.png => /Users/seonte/BugoGitRepo/build/android/bin/assets/Resources/images/small2/academic1.png
[TRACE] COPYING CREATED FILE: /Users/seonte/BugoGitRepo/Resources/images/small2/all.png => /Users/seonte/BugoGitRepo/build/android/bin/assets/Resources/images/small2/all.png
[TRACE] COPYING CREATED FILE: /Users/seonte/BugoGitRepo/Resources/images/small2/all1.png => /Users/seonte/BugoGitRepo/build/android/bin/assets/Resources/images/small2/all1.png
[TRACE] COPYING CREATED FILE: /Users/seonte/BugoGitRepo/Resources/images/small2/arts.png => /Users/seonte/BugoGitRepo/build/android/bin/assets/Resources/images/small2/arts.png
[TRACE] COPYING CREATED FILE: /Users/seonte/BugoGitRepo/Resources/images/small2/arts1.png => /Users/seonte/BugoGitRepo/build/android/bin/assets/Resources/images/small2/arts1.png
[TRACE] COPYING CREATED FILE: /Users/seonte/BugoGitRepo/Resources/images/small2/comm.png => /Users/seonte/BugoGitRepo/build/android/bin/assets/Resources/images/small2/comm.png
[TRACE] COPYING CREATED FILE: /Users/seonte/BugoGitRepo/Resources/images/small2/comm1.png => /Users/seonte/BugoGitRepo/build/android/bin/assets/Resources/images/small2/comm1.png
[TRACE] COPYING CREATED FILE: /Users/seonte/BugoGitRepo/Resources/images/small2/cultural.png => /Users/seonte/BugoGitRepo/build/android/bin/assets/Resources/images/small2/cultural.png
[TRACE] COPYING CREATED FILE: /Users/seonte/BugoGitRepo/Resources/images/small2/cultural1.png => /Users/seonte/BugoGitRepo/build/android/bin/assets/Resources/images/small2/cultural1.png
[TRACE] COPYING CREATED FILE: /Users/seonte/BugoGitRepo/Resources/images/small2/general.png => /Users/seonte/BugoGitRepo/build/android/bin/assets/Resources/images/small2/general.png
[TRACE] COPYING CREATED FILE: /Users/seonte/BugoGitRepo/Resources/images/small2/general1.png => /Users/seonte/BugoGitRepo/build/android/bin/assets/Resources/images/small2/general1.png
[TRACE] COPYING CREATED FILE: /Users/seonte/BugoGitRepo/Resources/images/small2/government.png => /Users/seonte/BugoGitRepo/build/android/bin/assets/Resources/images/small2/government.png
[TRACE] COPYING CREATED FILE: /Users/seonte/BugoGitRepo/Resources/images/small2/government1.png => /Users/seonte/BugoGitRepo/build/android/bin/assets/Resources/images/small2/government1.png
[TRACE] COPYING CREATED FILE: /Users/seonte/BugoGitRepo/Resources/images/small2/greek.png => /Users/seonte/BugoGitRepo/build/android/bin/assets/Resources/images/small2/greek.png
[TRACE] COPYING CREATED FILE: /Users/seonte/BugoGitRepo/Resources/images/small2/greek1.png => /Users/seonte/BugoGitRepo/build/android/bin/assets/Resources/images/small2/greek1.png
[TRACE] COPYING CREATED FILE: /Users/seonte/BugoGitRepo/Resources/images/small2/leadership.png => /Users/seonte/BugoGitRepo/build/android/bin/assets/Resources/images/small2/leadership.png
[TRACE] COPYING CREATED FILE: /Users/seonte/BugoGitRepo/Resources/images/small2/leadership1.png => /Users/seonte/BugoGitRepo/build/android/bin/assets/Resources/images/small2/leadership1.png
[TRACE] COPYING CREATED FILE: /Users/seonte/BugoGitRepo/Resources/images/small2/religious.png => /Users/seonte/BugoGitRepo/build/android/bin/assets/Resources/images/small2/religious.png
[TRACE] COPYING CREATED FILE: /Users/seonte/BugoGitRepo/Resources/images/small2/religious1.png => /Users/seonte/BugoGitRepo/build/android/bin/assets/Resources/images/small2/religious1.png
[TRACE] COPYING CREATED FILE: /Users/seonte/BugoGitRepo/Resources/images/small2/service.png => /Users/seonte/BugoGitRepo/build/android/bin/assets/Resources/images/small2/service.png
[TRACE] COPYING CREATED FILE: /Users/seonte/BugoGitRepo/Resources/images/small2/service1.png => /Users/seonte/BugoGitRepo/build/android/bin/assets/Resources/images/small2/service1.png
[TRACE] COPYING CREATED FILE: /Users/seonte/BugoGitRepo/Resources/images/small2/sports.png => /Users/seonte/BugoGitRepo/build/android/bin/assets/Resources/images/small2/sports.png
[TRACE] COPYING CREATED FILE: /Users/seonte/BugoGitRepo/Resources/images/small2/sports1.png => /Users/seonte/BugoGitRepo/build/android/bin/assets/Resources/images/small2/sports1.png
[TRACE] COPYING CREATED FILE: /Users/seonte/BugoGitRepo/Resources/images/small3/academic.png => /Users/seonte/BugoGitRepo/build/android/bin/assets/Resources/images/small3/academic.png
[TRACE] COPYING CREATED FILE: /Users/seonte/BugoGitRepo/Resources/images/small3/academic1.png => /Users/seonte/BugoGitRepo/build/android/bin/assets/Resources/images/small3/academic1.png
[TRACE] COPYING CREATED FILE: /Users/seonte/BugoGitRepo/Resources/images/small3/all.png => /Users/seonte/BugoGitRepo/build/android/bin/assets/Resources/images/small3/all.png
[TRACE] COPYING CREATED FILE: /Users/seonte/BugoGitRepo/Resources/images/small3/all1.png => /Users/seonte/BugoGitRepo/build/android/bin/assets/Resources/images/small3/all1.png
[TRACE] COPYING CREATED FILE: /Users/seonte/BugoGitRepo/Resources/images/small3/arts.png => /Users/seonte/BugoGitRepo/build/android/bin/assets/Resources/images/small3/arts.png
[TRACE] COPYING CREATED FILE: /Users/seonte/BugoGitRepo/Resources/images/small3/arts1.png => /Users/seonte/BugoGitRepo/build/android/bin/assets/Resources/images/small3/arts1.png
[TRACE] COPYING CREATED FILE: /Users/seonte/BugoGitRepo/Resources/images/small3/comm.png => /Users/seonte/BugoGitRepo/build/android/bin/assets/Resources/images/small3/comm.png
[TRACE] COPYING CREATED FILE: /Users/seonte/BugoGitRepo/Resources/images/small3/comm1.png => /Users/seonte/BugoGitRepo/build/android/bin/assets/Resources/images/small3/comm1.png
[TRACE] COPYING CREATED FILE: /Users/seonte/BugoGitRepo/Resources/images/small3/cultural.png => /Users/seonte/BugoGitRepo/build/android/bin/assets/Resources/images/small3/cultural.png
[TRACE] COPYING CREATED FILE: /Users/seonte/BugoGitRepo/Resources/images/small3/cultural1.png => /Users/seonte/BugoGitRepo/build/android/bin/assets/Resources/images/small3/cultural1.png
[TRACE] COPYING CREATED FILE: /Users/seonte/BugoGitRepo/Resources/images/small3/general.png => /Users/seonte/BugoGitRepo/build/android/bin/assets/Resources/images/small3/general.png
[TRACE] COPYING CREATED FILE: /Users/seonte/BugoGitRepo/Resources/images/small3/general1.png => /Users/seonte/BugoGitRepo/build/android/bin/assets/Resources/images/small3/general1.png
[TRACE] COPYING CREATED FILE: /Users/seonte/BugoGitRepo/Resources/images/small3/government.png => /Users/seonte/BugoGitRepo/build/android/bin/assets/Resources/images/small3/government.png
[TRACE] COPYING CREATED FILE: /Users/seonte/BugoGitRepo/Resources/images/small3/government1.png => /Users/seonte/BugoGitRepo/build/android/bin/assets/Resources/images/small3/government1.png
[TRACE] COPYING CREATED FILE: /Users/seonte/BugoGitRepo/Resources/images/small3/greek.png => /Users/seonte/BugoGitRepo/build/android/bin/assets/Resources/images/small3/greek.png
[TRACE] COPYING CREATED FILE: /Users/seonte/BugoGitRepo/Resources/images/small3/greek1.png => /Users/seonte/BugoGitRepo/build/android/bin/assets/Resources/images/small3/greek1.png
[TRACE] COPYING CREATED FILE: /Users/seonte/BugoGitRepo/Resources/images/small3/leadership.png => /Users/seonte/BugoGitRepo/build/android/bin/assets/Resources/images/small3/leadership.png
[TRACE] COPYING CREATED FILE: /Users/seonte/BugoGitRepo/Resources/images/small3/leadership1.png => /Users/seonte/BugoGitRepo/build/android/bin/assets/Resources/images/small3/leadership1.png
[TRACE] COPYING CREATED FILE: /Users/seonte/BugoGitRepo/Resources/images/small3/religious.png => /Users/seonte/BugoGitRepo/build/android/bin/assets/Resources/images/small3/religious.png
[TRACE] COPYING CREATED FILE: /Users/seonte/BugoGitRepo/Resources/images/small3/religious1.png => /Users/seonte/BugoGitRepo/build/android/bin/assets/Resources/images/small3/religious1.png
[TRACE] COPYING CREATED FILE: /Users/seonte/BugoGitRepo/Resources/images/small3/service.png => /Users/seonte/BugoGitRepo/build/android/bin/assets/Resources/images/small3/service.png
[TRACE] COPYING CREATED FILE: /Users/seonte/BugoGitRepo/Resources/images/small3/service1.png => /Users/seonte/BugoGitRepo/build/android/bin/assets/Resources/images/small3/service1.png
[TRACE] COPYING CREATED FILE: /Users/seonte/BugoGitRepo/Resources/images/small3/sports.png => /Users/seonte/BugoGitRepo/build/android/bin/assets/Resources/images/small3/sports.png
[TRACE] COPYING CREATED FILE: /Users/seonte/BugoGitRepo/Resources/images/small3/sports1.png => /Users/seonte/BugoGitRepo/build/android/bin/assets/Resources/images/small3/sports1.png
[TRACE] COPYING CREATED FILE: /Users/seonte/BugoGitRepo/Resources/images/ysports.jpg => /Users/seonte/BugoGitRepo/build/android/bin/assets/Resources/images/ysports.jpg
[TRACE] COPYING CREATED FILE: /Users/seonte/BugoGitRepo/Resources/KS_nav_ui.png => /Users/seonte/BugoGitRepo/build/android/bin/assets/Resources/KS_nav_ui.png
[TRACE] COPYING CREATED FILE: /Users/seonte/BugoGitRepo/Resources/KS_nav_views.png => /Users/seonte/BugoGitRepo/build/android/bin/assets/Resources/KS_nav_views.png
[TRACE] COPYING CREATED FILE: /Users/seonte/BugoGitRepo/Resources/lib/require_patch.js => /Users/seonte/BugoGitRepo/build/android/bin/assets/Resources/lib/require_patch.js
[TRACE] COPYING CREATED FILE: /Users/seonte/BugoGitRepo/Resources/ui/common/AppTabGroup.js => /Users/seonte/BugoGitRepo/build/android/bin/assets/Resources/ui/common/AppTabGroup.js
[TRACE] COPYING CREATED FILE: /Users/seonte/BugoGitRepo/Resources/ui/common/AppWindow.js => /Users/seonte/BugoGitRepo/build/android/bin/assets/Resources/ui/common/AppWindow.js
[TRACE] COPYING CREATED FILE: /Users/seonte/BugoGitRepo/Resources/ui/common/CategoriesWindow.js => /Users/seonte/BugoGitRepo/build/android/bin/assets/Resources/ui/common/CategoriesWindow.js
[TRACE] COPYING CREATED FILE: /Users/seonte/BugoGitRepo/Resources/ui/common/DetailWindow.js => /Users/seonte/BugoGitRepo/build/android/bin/assets/Resources/ui/common/DetailWindow.js
[TRACE] COPYING CREATED FILE: /Users/seonte/BugoGitRepo/Resources/ui/common/EventsWindow.js => /Users/seonte/BugoGitRepo/build/android/bin/assets/Resources/ui/common/EventsWindow.js
[TRACE] COPYING CREATED FILE: /Users/seonte/BugoGitRepo/Resources/ui/common/FavoriteWindow.js => /Users/seonte/BugoGitRepo/build/android/bin/assets/Resources/ui/common/FavoriteWindow.js
[TRACE] COPYING CREATED FILE: /Users/seonte/BugoGitRepo/Resources/ui/common/MapWindow.js => /Users/seonte/BugoGitRepo/build/android/bin/assets/Resources/ui/common/MapWindow.js
[TRACE] COPYING CREATED FILE: /Users/seonte/BugoGitRepo/Resources/ui/common/SettingsWindow.js => /Users/seonte/BugoGitRepo/build/android/bin/assets/Resources/ui/common/SettingsWindow.js
[TRACE] Generating Java Classes
[DEBUG] Processing Android resource drawables
[DEBUG] copying app icon: /Users/seonte/BugoGitRepo/build/android/bin/assets/Resources/appicon.png
[DEBUG] generating theme.xml
[DEBUG] found drawable-long-land-hdpi splash screen at /Users/seonte/BugoGitRepo/Resources/android/images/res-long-land-hdpi/default.png
[DEBUG] copying /Users/seonte/BugoGitRepo/Resources/android/images/res-long-land-hdpi/default.png splash screen to /Users/seonte/BugoGitRepo/build/android/res/drawable-long-land-hdpi/background.png
[DEBUG] found drawable-long-land-ldpi splash screen at /Users/seonte/BugoGitRepo/Resources/android/images/res-long-land-ldpi/default.png
[DEBUG] copying /Users/seonte/BugoGitRepo/Resources/android/images/res-long-land-ldpi/default.png splash screen to /Users/seonte/BugoGitRepo/build/android/res/drawable-long-land-ldpi/background.png
[DEBUG] found drawable-long-port-hdpi splash screen at /Users/seonte/BugoGitRepo/Resources/android/images/res-long-port-hdpi/default.png
[DEBUG] copying /Users/seonte/BugoGitRepo/Resources/android/images/res-long-port-hdpi/default.png splash screen to /Users/seonte/BugoGitRepo/build/android/res/drawable-long-port-hdpi/background.png
[DEBUG] found drawable-long-port-ldpi splash screen at /Users/seonte/BugoGitRepo/Resources/android/images/res-long-port-ldpi/default.png
[DEBUG] copying /Users/seonte/BugoGitRepo/Resources/android/images/res-long-port-ldpi/default.png splash screen to /Users/seonte/BugoGitRepo/build/android/res/drawable-long-port-ldpi/background.png
[DEBUG] found drawable-notlong-land-hdpi splash screen at /Users/seonte/BugoGitRepo/Resources/android/images/res-notlong-land-hdpi/default.png
[DEBUG] copying /Users/seonte/BugoGitRepo/Resources/android/images/res-notlong-land-hdpi/default.png splash screen to /Users/seonte/BugoGitRepo/build/android/res/drawable-notlong-land-hdpi/background.png
[DEBUG] found drawable-notlong-land-ldpi splash screen at /Users/seonte/BugoGitRepo/Resources/android/images/res-notlong-land-ldpi/default.png
[DEBUG] copying /Users/seonte/BugoGitRepo/Resources/android/images/res-notlong-land-ldpi/default.png splash screen to /Users/seonte/BugoGitRepo/build/android/res/drawable-notlong-land-ldpi/background.png
[DEBUG] found drawable-notlong-land-mdpi splash screen at /Users/seonte/BugoGitRepo/Resources/android/images/res-notlong-land-mdpi/default.png
[DEBUG] copying /Users/seonte/BugoGitRepo/Resources/android/images/res-notlong-land-mdpi/default.png splash screen to /Users/seonte/BugoGitRepo/build/android/res/drawable-notlong-land-mdpi/background.png
[DEBUG] found drawable-notlong-port-hdpi splash screen at /Users/seonte/BugoGitRepo/Resources/android/images/res-notlong-port-hdpi/default.png
[DEBUG] copying /Users/seonte/BugoGitRepo/Resources/android/images/res-notlong-port-hdpi/default.png splash screen to /Users/seonte/BugoGitRepo/build/android/res/drawable-notlong-port-hdpi/background.png
[DEBUG] found drawable-notlong-port-ldpi splash screen at /Users/seonte/BugoGitRepo/Resources/android/images/res-notlong-port-ldpi/default.png
[DEBUG] copying /Users/seonte/BugoGitRepo/Resources/android/images/res-notlong-port-ldpi/default.png splash screen to /Users/seonte/BugoGitRepo/build/android/res/drawable-notlong-port-ldpi/background.png
[DEBUG] found drawable-notlong-port-mdpi splash screen at /Users/seonte/BugoGitRepo/Resources/android/images/res-notlong-port-mdpi/default.png
[DEBUG] copying /Users/seonte/BugoGitRepo/Resources/android/images/res-notlong-port-mdpi/default.png splash screen to /Users/seonte/BugoGitRepo/build/android/res/drawable-notlong-port-mdpi/background.png
[DEBUG] found splash screen at /Users/seonte/BugoGitRepo/build/android/bin/assets/Resources/default.png
[TRACE] Writing out AndroidManifest.xml
[DEBUG] adding /Users/seonte/BugoGitRepo/build/android/gen/edu/bradley/bugo/BugoActivity.java to javac build list
[DEBUG] adding /Users/seonte/BugoGitRepo/build/android/gen/edu/bradley/bugo/BugoAppInfo.java to javac build list
[DEBUG] adding /Users/seonte/BugoGitRepo/build/android/gen/edu/bradley/bugo/BugoApplication.java to javac build list
[DEBUG] adding /Users/seonte/BugoGitRepo/build/android/gen/edu/bradley/bugo/R.java to javac build list
[DEBUG] Building Java Sources: "/Users/seonte/BugoGitRepo/build/android/gen/edu/bradley/bugo/BugoActivity.java" "/Users/seonte/BugoGitRepo/build/android/gen/edu/bradley/bugo/BugoAppInfo.java" "/Users/seonte/BugoGitRepo/build/android/gen/edu/bradley/bugo/BugoApplication.java" "/Users/seonte/BugoGitRepo/build/android/gen/edu/bradley/bugo/R.java"
[INFO] Compiling Android Resources... This could take some time
[DEBUG] Android classes.dex built
[DEBUG] creating unsigned apk: /Users/seonte/BugoGitRepo/build/android/bin/app-unsigned.apk
[DEBUG] from resource zip => assets/Resources/data/categories.js
[DEBUG] from resource zip => assets/Resources/data/database.js
[DEBUG] from resource zip => assets/Resources/data/events.js
[DEBUG] from resource zip => assets/Resources/images/categories/academic.png
[DEBUG] from resource zip => assets/Resources/images/categories/arts.png
[DEBUG] from resource zip => assets/Resources/images/categories/communications.png
[DEBUG] from resource zip => assets/Resources/images/categories/cultural.png
[DEBUG] from resource zip => assets/Resources/images/categories/frat.png
[DEBUG] from resource zip => assets/Resources/images/categories/general.png
[DEBUG] from resource zip => assets/Resources/images/categories/government.png
[DEBUG] from resource zip => assets/Resources/images/categories/leadership.png
[DEBUG] from resource zip => assets/Resources/images/categories/religious.png
[DEBUG] from resource zip => assets/Resources/images/categories/service.png
[DEBUG] from resource zip => assets/Resources/images/categories/sports.png
[DEBUG] from resource zip => assets/Resources/images/icons/academic.png
[DEBUG] from resource zip => assets/Resources/images/icons/arts.png
[DEBUG] from resource zip => assets/Resources/images/icons/backArrow.png
[DEBUG] from resource zip => assets/Resources/images/icons/communication.png
[DEBUG] from resource zip => assets/Resources/images/icons/cultural.png
[DEBUG] from resource zip => assets/Resources/images/icons/favorites.png
[DEBUG] from resource zip => assets/Resources/images/icons/frat.png
[DEBUG] from resource zip => assets/Resources/images/icons/general.png
[DEBUG] from resource zip => assets/Resources/images/icons/government.png
[DEBUG] from resource zip => assets/Resources/images/icons/home_nav.png
[DEBUG] from resource zip => assets/Resources/images/icons/leadership.png
[DEBUG] from resource zip => assets/Resources/images/icons/light_home.png
[DEBUG] from resource zip => assets/Resources/images/icons/light_list.png
[DEBUG] from resource zip => assets/Resources/images/icons/light_pin.png
[DEBUG] from resource zip => assets/Resources/images/icons/light_star.png
[DEBUG] from resource zip => assets/Resources/images/icons/light_wrench.png
[DEBUG] from resource zip => assets/Resources/images/icons/list_nav.png
[DEBUG] from resource zip => assets/Resources/images/icons/map_nav.png
[DEBUG] from resource zip => assets/Resources/images/icons/nav_category.png
[DEBUG] from resource zip => assets/Resources/images/icons/nav_home.png
[DEBUG] from resource zip => assets/Resources/images/icons/nav_map.png
[DEBUG] from resource zip => assets/Resources/images/icons/nav_settings.png
[DEBUG] from resource zip => assets/Resources/images/icons/nav_star.png
[DEBUG] from resource zip => assets/Resources/images/icons/redArrow.png
[DEBUG] from resource zip => assets/Resources/images/icons/refresh.png
[DEBUG] from resource zip => assets/Resources/images/icons/religious.png
[DEBUG] from resource zip => assets/Resources/images/icons/service.png
[DEBUG] from resource zip => assets/Resources/images/icons/settings_nav.png
[DEBUG] from resource zip => assets/Resources/images/icons/sports.png
[DEBUG] from resource zip => assets/Resources/images/icons/star.png
[DEBUG] from resource zip => assets/Resources/images/icons/star_nav.png
[DEBUG] from resource zip => assets/Resources/images/icons/yellow_star.png
[DEBUG] from resource zip => assets/Resources/images/mapCatIcons/academic.png
[DEBUG] from resource zip => assets/Resources/images/mapCatIcons/academic1.png
[DEBUG] from resource zip => assets/Resources/images/mapCatIcons/arts.png
[DEBUG] from resource zip => assets/Resources/images/mapCatIcons/arts1.png
[DEBUG] from resource zip => assets/Resources/images/mapCatIcons/comm.png
[DEBUG] from resource zip => assets/Resources/images/mapCatIcons/comm1.png
[DEBUG] from resource zip => assets/Resources/images/mapCatIcons/cultural.png
[DEBUG] from resource zip => assets/Resources/images/mapCatIcons/cultural1.png
[DEBUG] from resource zip => assets/Resources/images/mapCatIcons/general.png
[DEBUG] from resource zip => assets/Resources/images/mapCatIcons/general1.png
[DEBUG] from resource zip => assets/Resources/images/mapCatIcons/government.png
[DEBUG] from resource zip => assets/Resources/images/mapCatIcons/government1.png
[DEBUG] from resource zip => assets/Resources/images/mapCatIcons/greek.png
[DEBUG] from resource zip => assets/Resources/images/mapCatIcons/greek1.png
[DEBUG] from resource zip => assets/Resources/images/mapCatIcons/leadership.png
[DEBUG] from resource zip => assets/Resources/images/mapCatIcons/leadership1.png
[DEBUG] from resource zip => assets/Resources/images/mapCatIcons/religious.png
[DEBUG] from resource zip => assets/Resources/images/mapCatIcons/religious1.png
[DEBUG] from resource zip => assets/Resources/images/mapCatIcons/service.png
[DEBUG] from resource zip => assets/Resources/images/mapCatIcons/service1.png
[DEBUG] from resource zip => assets/Resources/images/mapCatIcons/sports.png
[DEBUG] from resource zip => assets/Resources/images/mapCatIcons/sports1.png
[DEBUG] from resource zip => assets/Resources/images/mapIcons/ipad/academic_01.png
[DEBUG] from resource zip => assets/Resources/images/mapIcons/ipad/academic_02.png
[DEBUG] from resource zip => assets/Resources/images/mapIcons/ipad/academic_03.png
[DEBUG] from resource zip => assets/Resources/images/mapIcons/ipad/academic_04.png
[DEBUG] from resource zip => assets/Resources/images/mapIcons/ipad/academic_05.png
[DEBUG] from resource zip => assets/Resources/images/mapIcons/ipad/arts_01.png
[DEBUG] from resource zip => assets/Resources/images/mapIcons/ipad/arts_02.png
[DEBUG] from resource zip => assets/Resources/images/mapIcons/ipad/arts_03.png
[DEBUG] from resource zip => assets/Resources/images/mapIcons/ipad/arts_04.png
[DEBUG] from resource zip => assets/Resources/images/mapIcons/ipad/arts_05.png
[DEBUG] from resource zip => assets/Resources/images/mapIcons/ipad/com_01.png
[DEBUG] from resource zip => assets/Resources/images/mapIcons/ipad/com_02.png
[DEBUG] from resource zip => assets/Resources/images/mapIcons/ipad/com_03.png
[DEBUG] from resource zip => assets/Resources/images/mapIcons/ipad/com_04.png
[DEBUG] from resource zip => assets/Resources/images/mapIcons/ipad/com_05.png
[DEBUG] from resource zip => assets/Resources/images/mapIcons/ipad/cultural_01.png
[DEBUG] from resource zip => assets/Resources/images/mapIcons/ipad/cultural_02.png
[DEBUG] from resource zip => assets/Resources/images/mapIcons/ipad/cultural_03.png
[DEBUG] from resource zip => assets/Resources/images/mapIcons/ipad/cultural_04.png
[DEBUG] from resource zip => assets/Resources/images/mapIcons/ipad/cultural_05.png
[DEBUG] from resource zip => assets/Resources/images/mapIcons/ipad/general_01.png
[DEBUG] from resource zip => assets/Resources/images/mapIcons/ipad/general_02.png
[DEBUG] from resource zip => assets/Resources/images/mapIcons/ipad/general_03.png
[DEBUG] from resource zip => assets/Resources/images/mapIcons/ipad/general_04.png
[DEBUG] from resource zip => assets/Resources/images/mapIcons/ipad/general_05.png
[DEBUG] from resource zip => assets/Resources/images/mapIcons/ipad/gov_04.png
[DEBUG] from resource zip => assets/Resources/images/mapIcons/ipad/gov_05.png
[DEBUG] from resource zip => assets/Resources/images/mapIcons/ipad/gov_1.png
[DEBUG] from resource zip => assets/Resources/images/mapIcons/ipad/gov_2.png
[DEBUG] from resource zip => assets/Resources/images/mapIcons/ipad/gov_3.png
[DEBUG] from resource zip => assets/Resources/images/mapIcons/ipad/greek_01.png
[DEBUG] from resource zip => assets/Resources/images/mapIcons/ipad/greek_02.png
[DEBUG] from resource zip => assets/Resources/images/mapIcons/ipad/greek_03.png
[DEBUG] from resource zip => assets/Resources/images/mapIcons/ipad/greek_04.png
[DEBUG] from resource zip => assets/Resources/images/mapIcons/ipad/greek_05.png
[DEBUG] from resource zip => assets/Resources/images/mapIcons/ipad/lead_01.png
[DEBUG] from resource zip => assets/Resources/images/mapIcons/ipad/lead_02.png
[DEBUG] from resource zip => assets/Resources/images/mapIcons/ipad/lead_03.png
[DEBUG] from resource zip => assets/Resources/images/mapIcons/ipad/lead_04.png
[DEBUG] from resource zip => assets/Resources/images/mapIcons/ipad/lead_05.png
[DEBUG] from resource zip => assets/Resources/images/mapIcons/ipad/religious_01.png
[DEBUG] from resource zip => assets/Resources/images/mapIcons/ipad/religious_02.png
[DEBUG] from resource zip => assets/Resources/images/mapIcons/ipad/religious_03.png
[DEBUG] from resource zip => assets/Resources/images/mapIcons/ipad/religious_04.png
[DEBUG] from resource zip => assets/Resources/images/mapIcons/ipad/religious_05.png
[DEBUG] from resource zip => assets/Resources/images/mapIcons/ipad/service_01.png
[DEBUG] from resource zip => assets/Resources/images/mapIcons/ipad/service_02.png
[DEBUG] from resource zip => assets/Resources/images/mapIcons/ipad/service_03.png
[DEBUG] from resource zip => assets/Resources/images/mapIcons/ipad/service_04.png
[DEBUG] from resource zip => assets/Resources/images/mapIcons/ipad/service_05.png
[DEBUG] from resource zip => assets/Resources/images/mapIcons/ipad/sports_01.png
[DEBUG] from resource zip => assets/Resources/images/mapIcons/ipad/sports_02.png
[DEBUG] from resource zip => assets/Resources/images/mapIcons/ipad/sports_03.png
[DEBUG] from resource zip => assets/Resources/images/mapIcons/ipad/sports_04.png
[DEBUG] from resource zip => assets/Resources/images/mapIcons/ipad/sports_05.png
[DEBUG] from resource zip => assets/Resources/images/mapIcons/iphone/academic_01.png
[DEBUG] from resource zip => assets/Resources/images/mapIcons/iphone/academic_02.png
[DEBUG] from resource zip => assets/Resources/images/mapIcons/iphone/academic_03.png
[DEBUG] from resource zip => assets/Resources/images/mapIcons/iphone/academic_04.png
[DEBUG] from resource zip => assets/Resources/images/mapIcons/iphone/academic_05.png
[DEBUG] from resource zip => assets/Resources/images/mapIcons/iphone/arts_01.png
[DEBUG] from resource zip => assets/Resources/images/mapIcons/iphone/arts_02.png
[DEBUG] from resource zip => assets/Resources/images/mapIcons/iphone/arts_03.png
[DEBUG] from resource zip => assets/Resources/images/mapIcons/iphone/arts_04.png
[DEBUG] from resource zip => assets/Resources/images/mapIcons/iphone/arts_05.png
[DEBUG] from resource zip => assets/Resources/images/mapIcons/iphone/com_01.png
[DEBUG] from resource zip => assets/Resources/images/mapIcons/iphone/com_02.png
[DEBUG] from resource zip => assets/Resources/images/mapIcons/iphone/com_03.png
[DEBUG] from resource zip => assets/Resources/images/mapIcons/iphone/com_04.png
[DEBUG] from resource zip => assets/Resources/images/mapIcons/iphone/com_05.png
[DEBUG] from resource zip => assets/Resources/images/mapIcons/iphone/cultural_01.png
[DEBUG] from resource zip => assets/Resources/images/mapIcons/iphone/cultural_02.png
[DEBUG] from resource zip => assets/Resources/images/mapIcons/iphone/cultural_03.png
[DEBUG] from resource zip => assets/Resources/images/mapIcons/iphone/cultural_04.png
[DEBUG] from resource zip => assets/Resources/images/mapIcons/iphone/cultural_05.png
[DEBUG] from resource zip => assets/Resources/images/mapIcons/iphone/general_01.png
[DEBUG] from resource zip => assets/Resources/images/mapIcons/iphone/general_02.png
[DEBUG] from resource zip => assets/Resources/images/mapIcons/iphone/general_03.png
[DEBUG] from resource zip => assets/Resources/images/mapIcons/iphone/general_04.png
[DEBUG] from resource zip => assets/Resources/images/mapIcons/iphone/general_05.png
[DEBUG] from resource zip => assets/Resources/images/mapIcons/iphone/gov_04.png
[DEBUG] from resource zip => assets/Resources/images/mapIcons/iphone/gov_05.png
[DEBUG] from resource zip => assets/Resources/images/mapIcons/iphone/gov_1.png
[DEBUG] from resource zip => assets/Resources/images/mapIcons/iphone/gov_2.png
[DEBUG] from resource zip => assets/Resources/images/mapIcons/iphone/gov_3.png
[DEBUG] from resource zip => assets/Resources/images/mapIcons/iphone/greek_01.png
[DEBUG] from resource zip => assets/Resources/images/mapIcons/iphone/greek_02.png
[DEBUG] from resource zip => assets/Resources/images/mapIcons/iphone/greek_03.png
[DEBUG] from resource zip => assets/Resources/images/mapIcons/iphone/greek_04.png
[DEBUG] from resource zip => assets/Resources/images/mapIcons/iphone/greek_05.png
[DEBUG] from resource zip => assets/Resources/images/mapIcons/iphone/lead_01.png
[DEBUG] from resource zip => assets/Resources/images/mapIcons/iphone/lead_02.png
[DEBUG] from resource zip => assets/Resources/images/mapIcons/iphone/lead_03.png
[DEBUG] from resource zip => assets/Resources/images/mapIcons/iphone/lead_04.png
[DEBUG] from resource zip => assets/Resources/images/mapIcons/iphone/lead_05.png
[DEBUG] from resource zip => assets/Resources/images/mapIcons/iphone/religious_01.png
[DEBUG] from resource zip => assets/Resources/images/mapIcons/iphone/religious_02.png
[DEBUG] from resource zip => assets/Resources/images/mapIcons/iphone/religious_03.png
[DEBUG] from resource zip => assets/Resources/images/mapIcons/iphone/religious_04.png
[DEBUG] from resource zip => assets/Resources/images/mapIcons/iphone/religious_05.png
[DEBUG] from resource zip => assets/Resources/images/mapIcons/iphone/service_01.png
[DEBUG] from resource zip => assets/Resources/images/mapIcons/iphone/service_02.png
[DEBUG] from resource zip => assets/Resources/images/mapIcons/iphone/service_03.png
[DEBUG] from resource zip => assets/Resources/images/mapIcons/iphone/service_04.png
[DEBUG] from resource zip => assets/Resources/images/mapIcons/iphone/service_05.png
[DEBUG] from resource zip => assets/Resources/images/mapIcons/iphone/sports_01.png
[DEBUG] from resource zip => assets/Resources/images/mapIcons/iphone/sports_02.png
[DEBUG] from resource zip => assets/Resources/images/mapIcons/iphone/sports_03.png
[DEBUG] from resource zip => assets/Resources/images/mapIcons/iphone/sports_04.png
[DEBUG] from resource zip => assets/Resources/images/mapIcons/iphone/sports_05.png
[DEBUG] from resource zip => assets/Resources/images/small2/academic.png
[DEBUG] from resource zip => assets/Resources/images/small2/academic1.png
[DEBUG] from resource zip => assets/Resources/images/small2/all.png
[DEBUG] from resource zip => assets/Resources/images/small2/all1.png
[DEBUG] from resource zip => assets/Resources/images/small2/arts.png
[DEBUG] from resource zip => assets/Resources/images/small2/arts1.png
[DEBUG] from resource zip => assets/Resources/images/small2/comm.png
[DEBUG] from resource zip => assets/Resources/images/small2/comm1.png
[DEBUG] from resource zip => assets/Resources/images/small2/cultural.png
[DEBUG] from resource zip => assets/Resources/images/small2/cultural1.png
[DEBUG] from resource zip => assets/Resources/images/small2/general.png
[DEBUG] from resource zip => assets/Resources/images/small2/general1.png
[DEBUG] from resource zip => assets/Resources/images/small2/government.png
[DEBUG] from resource zip => assets/Resources/images/small2/government1.png
[DEBUG] from resource zip => assets/Resources/images/small2/greek.png
[DEBUG] from resource zip => assets/Resources/images/small2/greek1.png
[DEBUG] from resource zip => assets/Resources/images/small2/leadership.png
[DEBUG] from resource zip => assets/Resources/images/small2/leadership1.png
[DEBUG] from resource zip => assets/Resources/images/small2/religious.png
[DEBUG] from resource zip => assets/Resources/images/small2/religious1.png
[DEBUG] from resource zip => assets/Resources/images/small2/service.png
[DEBUG] from resource zip => assets/Resources/images/small2/service1.png
[DEBUG] from resource zip => assets/Resources/images/small2/sports.png
[DEBUG] from resource zip => assets/Resources/images/small2/sports1.png
[DEBUG] from resource zip => assets/Resources/images/small3/academic.png
[DEBUG] from resource zip => assets/Resources/images/small3/academic1.png
[DEBUG] from resource zip => assets/Resources/images/small3/all.png
[DEBUG] from resource zip => assets/Resources/images/small3/all1.png
[DEBUG] from resource zip => assets/Resources/images/small3/arts.png
[DEBUG] from resource zip => assets/Resources/images/small3/arts1.png
[DEBUG] from resource zip => assets/Resources/images/small3/comm.png
[DEBUG] from resource zip => assets/Resources/images/small3/comm1.png
[DEBUG] from resource zip => assets/Resources/images/small3/cultural.png
[DEBUG] from resource zip => assets/Resources/images/small3/cultural1.png
[DEBUG] from resource zip => assets/Resources/images/small3/general.png
[DEBUG] from resource zip => assets/Resources/images/small3/general1.png
[DEBUG] from resource zip => assets/Resources/images/small3/government.png
[DEBUG] from resource zip => assets/Resources/images/small3/government1.png
[DEBUG] from resource zip => assets/Resources/images/small3/greek.png
[DEBUG] from resource zip => assets/Resources/images/small3/greek1.png
[DEBUG] from resource zip => assets/Resources/images/small3/leadership.png
[DEBUG] from resource zip => assets/Resources/images/small3/leadership1.png
[DEBUG] from resource zip => assets/Resources/images/small3/religious.png
[DEBUG] from resource zip => assets/Resources/images/small3/religious1.png
[DEBUG] from resource zip => assets/Resources/images/small3/service.png
[DEBUG] from resource zip => assets/Resources/images/small3/service1.png
[DEBUG] from resource zip => assets/Resources/images/small3/sports.png
[DEBUG] from resource zip => assets/Resources/images/small3/sports1.png
[DEBUG] from resource zip => assets/Resources/images/2_i.png
[DEBUG] from resource zip => assets/Resources/images/bugo.png
[DEBUG] from resource zip => assets/Resources/images/bugoLogoPage.png
[DEBUG] from resource zip => assets/Resources/images/bugoicon.png
[DEBUG] from resource zip => assets/Resources/images/close.png
[DEBUG] from resource zip => assets/Resources/images/eventLogo.png
[DEBUG] from resource zip => assets/Resources/images/event_image.png
[DEBUG] from resource zip => assets/Resources/images/ysports.jpg
[DEBUG] from resource zip => assets/Resources/lib/require_patch.js
[DEBUG] from resource zip => assets/Resources/ui/common/AppTabGroup.js
[DEBUG] from resource zip => assets/Resources/ui/common/AppWindow.js
[DEBUG] from resource zip => assets/Resources/ui/common/CategoriesWindow.js
[DEBUG] from resource zip => assets/Resources/ui/common/DetailWindow.js
[DEBUG] from resource zip => assets/Resources/ui/common/EventsWindow.js
[DEBUG] from resource zip => assets/Resources/ui/common/FavoriteWindow.js
[DEBUG] from resource zip => assets/Resources/ui/common/MapWindow.js
[DEBUG] from resource zip => assets/Resources/ui/common/SettingsWindow.js
[DEBUG] from resource zip => assets/Resources/KS_nav_ui.png
[DEBUG] from resource zip => assets/Resources/KS_nav_views.png
[DEBUG] from resource zip => assets/Resources/app.js
[DEBUG] from resource zip => assets/Resources/appicon.png
[DEBUG] from resource zip => assets/Resources/default.png
[DEBUG] from resource zip => assets/tiapp.xml
[DEBUG] from resource zip => res/drawable/appicon.png
[DEBUG] from resource zip => res/drawable/background.png
[DEBUG] from resource zip => res/layout/titanium_tabgroup.xml
[DEBUG] from resource zip => AndroidManifest.xml
[DEBUG] from resource zip => resources.arsc
[DEBUG] from resource zip => res/drawable-long-land-hdpi/background.png
[DEBUG] from resource zip => res/drawable-long-land-ldpi/background.png
[DEBUG] from resource zip => res/drawable-long-port-hdpi/background.png
[DEBUG] from resource zip => res/drawable-long-port-ldpi/background.png
[DEBUG] from resource zip => res/drawable-notlong-land-hdpi/background.png
[DEBUG] from resource zip => res/drawable-notlong-land-ldpi/background.png
[DEBUG] from resource zip => res/drawable-notlong-land-mdpi/background.png
[DEBUG] from resource zip => res/drawable-notlong-port-hdpi/background.png
[DEBUG] from resource zip => res/drawable-notlong-port-ldpi/background.png
[DEBUG] from resource zip => res/drawable-notlong-port-mdpi/background.png
[DEBUG] from JAR /Library/Application Support/Titanium/mobilesdk/osx/1.7.5/android/titanium.jar => org/apache/Commons-NOTICE.txt
[DEBUG] from JAR /Library/Application Support/Titanium/mobilesdk/osx/1.7.5/android/titanium.jar => org/apache/HttpComponents-NOTICE.txt
[DEBUG] from JAR /Library/Application Support/Titanium/mobilesdk/osx/1.7.5/android/titanium.jar => org/apache/mime4j-NOTICE.txt
[DEBUG] from JAR /Library/Application Support/Titanium/mobilesdk/osx/1.7.5/android/titanium.jar => org/appcelerator/titanium/build.properties
[DEBUG] from JAR /Library/Application Support/Titanium/mobilesdk/osx/1.7.5/android/titanium.jar => org/appcelerator/titanium/res/drawable/background.png
[DEBUG] from JAR /Library/Application Support/Titanium/mobilesdk/osx/1.7.5/android/titanium.jar => org/appcelerator/titanium/res/drawable/btn_check_buttonless_on.png
[DEBUG] from JAR /Library/Application Support/Titanium/mobilesdk/osx/1.7.5/android/titanium.jar => org/appcelerator/titanium/res/drawable/btn_check_buttonless_on_18.png
[DEBUG] from JAR /Library/Application Support/Titanium/mobilesdk/osx/1.7.5/android/titanium.jar => org/appcelerator/titanium/res/drawable/btn_check_buttonless_on_48.png
[DEBUG] from JAR /Library/Application Support/Titanium/mobilesdk/osx/1.7.5/android/titanium.jar => org/appcelerator/titanium/res/drawable/btn_more.png
[DEBUG] from JAR /Library/Application Support/Titanium/mobilesdk/osx/1.7.5/android/titanium.jar => org/appcelerator/titanium/res/drawable/btn_more_18.png
[DEBUG] from JAR /Library/Application Support/Titanium/mobilesdk/osx/1.7.5/android/titanium.jar => org/appcelerator/titanium/res/drawable/btn_more_48.png
[DEBUG] from JAR /Library/Application Support/Titanium/mobilesdk/osx/1.7.5/android/titanium.jar => org/appcelerator/titanium/res/drawable/btn_picker_normal.9.png
[DEBUG] from JAR /Library/Application Support/Titanium/mobilesdk/osx/1.7.5/android/titanium.jar => org/appcelerator/titanium/res/drawable/btn_picker_pressed.9.png
[DEBUG] from JAR /Library/Application Support/Titanium/mobilesdk/osx/1.7.5/android/titanium.jar => org/appcelerator/titanium/res/drawable/btn_picker_selected.9.png
[DEBUG] from JAR /Library/Application Support/Titanium/mobilesdk/osx/1.7.5/android/titanium.jar => org/appcelerator/titanium/res/drawable/default_icon.png
[DEBUG] from JAR /Library/Application Support/Titanium/mobilesdk/osx/1.7.5/android/titanium.jar => org/appcelerator/titanium/res/drawable/photoDefault.png
[DEBUG] from JAR /Library/Application Support/Titanium/mobilesdk/osx/1.7.5/android/smalljs.jar => org/mozilla/javascript/resources/Messages.properties
[DEBUG] from JAR /Library/Application Support/Titanium/mobilesdk/osx/1.7.5/android/smalljs.jar => org/mozilla/javascript/resources/Messages_fr.properties
[DEBUG] from JAR /Library/Application Support/Titanium/mobilesdk/osx/1.7.5/android/modules/titanium-ui.jar => ti/modules/titanium/ui/widget/webview/binding.js
[DEBUG] from JAR /Library/Application Support/Titanium/mobilesdk/osx/1.7.5/android/modules/titanium-ui.jar => ti/modules/titanium/ui/widget/webview/binding.min.js
[DEBUG] from JAR /Library/Application Support/Titanium/mobilesdk/osx/1.7.5/android/modules/titanium-ui.jar => ti/modules/titanium/ui/widget/webview/json2.js
[DEBUG] Waiting for device to be ready ...
[TRACE] adb devices returned 1 devices/emulators
[DEBUG] Device connected... (waited 0 seconds)
[DEBUG] waited 0.024019 seconds on emulator to get ready
[INFO] Installing application on emulator
[INFO] Application installed. Launch from drawer on Home Screen
